<?xml version="1.0" encoding="UTF-8"?>
<testsuite xmlns:xsi="http://www.w3.org/2001/XMLSchema-instance" xsi:noNamespaceSchemaLocation="https://maven.apache.org/surefire/maven-surefire-plugin/xsd/surefire-test-report-3.0.xsd" version="3.0" name="TestSuite" time="2.92" tests="3" errors="0" skipped="0" failures="3">
  <properties>
[...]
</properties>
  <testcase name="null on orangehrm.live.runner.TestRegressionRunner" classname="orangehrm.live.runner.TestRegressionRunner" time="1.625">
    <failure type="java.lang.NullPointerException"><![CDATA[java.lang.NullPointerException
	at com.aventstack.extentreports.reporter.AbstractReporter.loadXMLConfig(AbstractReporter.java:65)
	at com.aventstack.extentreports.reporter.AbstractReporter.loadXMLConfig(AbstractReporter.java:60)
	at com.cucumber.listener.Reporter.loadXMLConfig(Reporter.java:47)
	at orangehrm.live.runner.TestRegressionRunner.setUp(TestRegressionRunner.java:24)
	at sun.reflect.NativeMethodAccessorImpl.invoke0(Native Method)
	at sun.reflect.NativeMethodAccessorImpl.invoke(NativeMethodAccessorImpl.java:62)
	at sun.reflect.DelegatingMethodAccessorImpl.invoke(DelegatingMethodAccessorImpl.java:43)
	at java.lang.reflect.Method.invoke(Method.java:498)
	at org.junit.runners.model.FrameworkMethod$1.runReflectiveCall(FrameworkMethod.java:47)
	at org.junit.internal.runners.model.ReflectiveCallable.run(ReflectiveCallable.java:12)
	at org.junit.runners.model.FrameworkMethod.invokeExplosively(FrameworkMethod.java:44)
	at org.junit.internal.runners.statements.RunAfters.evaluate(RunAfters.java:33)
	at org.junit.runners.ParentRunner.run(ParentRunner.java:309)
	at cucumber.api.junit.Cucumber.run(Cucumber.java:100)
	at org.junit.runner.JUnitCore.run(JUnitCore.java:160)
	at org.junit.runner.JUnitCore.run(JUnitCore.java:138)
	at org.testng.junit.JUnit4TestRunner.start(JUnit4TestRunner.java:82)
	at org.testng.junit.JUnit4TestRunner.run(JUnit4TestRunner.java:70)
	at org.testng.TestRunner$1.run(TestRunner.java:570)
	at org.testng.TestRunner.runJUnitWorkers(TestRunner.java:717)
	at org.testng.TestRunner.privateRunJUnit(TestRunner.java:601)
	at org.testng.TestRunner.run(TestRunner.java:502)
	at org.testng.SuiteRunner.runTest(SuiteRunner.java:455)
	at org.testng.SuiteRunner.runSequentially(SuiteRunner.java:450)
	at org.testng.SuiteRunner.privateRun(SuiteRunner.java:415)
	at org.testng.SuiteRunner.run(SuiteRunner.java:364)
	at org.testng.SuiteRunnerWorker.runSuite(SuiteRunnerWorker.java:52)
	at org.testng.SuiteRunnerWorker.run(SuiteRunnerWorker.java:84)
	at org.testng.TestNG.runSuitesSequentially(TestNG.java:1208)
	at org.testng.TestNG.runSuitesLocally(TestNG.java:1137)
	at org.testng.TestNG.runSuites(TestNG.java:1049)
	at org.testng.TestNG.run(TestNG.java:1017)
	at org.apache.maven.surefire.testng.TestNGExecutor.run(TestNGExecutor.java:151)
	at org.apache.maven.surefire.testng.TestNGDirectoryTestSuite.executeMulti(TestNGDirectoryTestSuite.java:197)
	at org.apache.maven.surefire.testng.TestNGDirectoryTestSuite.execute(TestNGDirectoryTestSuite.java:93)
	at org.apache.maven.surefire.testng.TestNGProvider.invoke(TestNGProvider.java:155)
	at org.apache.maven.surefire.booter.ForkedBooter.runSuitesInProcess(ForkedBooter.java:456)
	at org.apache.maven.surefire.booter.ForkedBooter.execute(ForkedBooter.java:169)
	at org.apache.maven.surefire.booter.ForkedBooter.run(ForkedBooter.java:595)
	at org.apache.maven.surefire.booter.ForkedBooter.main(ForkedBooter.java:581)
]]></failure>
    <system-out><![CDATA[Usage: <main class> [options] The XML suite files to run
  Options:
    -configfailurepolicy
      Configuration failure policy (skip or continue)
    -d
      Output directory
    -dataproviderthreadcount
      Number of threads to use when running data providers
    -excludegroups
      Comma-separated list of group names to  exclude
    -groups
      Comma-separated list of group names to be run
    -junit
      JUnit mode
      Default: false
    -listener
      List of .class files or list of class names implementing ITestListener 
      or ISuiteListener
    -methods
      Comma separated of test methods
      Default: []
    -methodselectors
      List of .class files or list of class names implementing IMethodSelector
    -mixed
      Mixed mode - autodetect the type of current test and run it with 
      appropriate runner
      Default: false
    -objectfactory
      List of .class files or list of class names implementing 
      ITestRunnerFactory 
    -parallel
      Parallel mode (methods, tests or classes)
      Possible Values: [tests, methods, classes, instances, none, true, false]
    -port
      The port
    -reporter
      Extended configuration for custom report listener
    -suitename
      Default name of test suite, if not specified in suite definition file or 
      source code
    -suitethreadpoolsize
      Size of the thread pool to use to run suites
      Default: 1
    -testclass
      The list of test classes
    -testjar
      A jar file containing the tests
    -testname
      Default name of test, if not specified in suitedefinition file or source 
      code 
    -testnames
      The list of test names to run
    -testrunfactory, -testRunFactory
      The factory used to create tests
    -threadcount
      Number of threads to use when running tests in parallel
    -usedefaultlisteners
      Whether to use the default listeners
      Default: true
    -log, -verbose
      Level of verbosity
    -xmlpathinjar
      The full path to the xml file inside the jar file (only valid if 
      -testjar was specified)
      Default: testng.xml

Feature: As a user I want to verify different login functions.

  Background:                                         &amp#27;[90m# logintest.feature:3&amp#27;[0m
    &amp#27;[33mGiven &amp#27;[0m&amp#27;[33mI am on HomePage & Login to the application&amp#27;[0m

  @sanity @regression
  Scenario: I should login successfully &amp#27;[90m# logintest.feature:7&amp#27;[0m
    &amp#27;[33mThen &amp#27;[0m&amp#27;[33mI see Welcome message&amp#27;[0m

  Background:                                         &amp#27;[90m# logintest.feature:3&amp#27;[0m
    &amp#27;[33mGiven &amp#27;[0m&amp#27;[33mI am on HomePage & Login to the application&amp#27;[0m

  @smoke @regression
  Scenario: I should see Logo      &amp#27;[90m# logintest.feature:11&amp#27;[0m
    &amp#27;[33mThen &amp#27;[0m&amp#27;[33mI see the Orange HRM Logo&amp#27;[0m

  Background:                                         &amp#27;[90m# logintest.feature:3&amp#27;[0m
    &amp#27;[33mGiven &amp#27;[0m&amp#27;[33mI am on HomePage & Login to the application&amp#27;[0m

  @regression
  Scenario: I should log out successfully         &amp#27;[90m# logintest.feature:15&amp#27;[0m
    &amp#27;[33mWhen &amp#27;[0m&amp#27;[33mI click on user profile logo&amp#27;[0m
    &amp#27;[33mAnd &amp#27;[0m&amp#27;[33mI mouse hover and click on logout&amp#27;[0m
    &amp#27;[33mThen &amp#27;[0m&amp#27;[33mI am logged out and see text Login Panel&amp#27;[0m
Feature: As a user I want to verify admin can execute different actions on users.

  Background:                                         &amp#27;[90m# userstest.feature:3&amp#27;[0m
    &amp#27;[33mGiven &amp#27;[0m&amp#27;[33mI am on HomePage & Login to the application&amp#27;[0m

  @sanity @regression
  Scenario: Admin should be able to add users &amp#27;[90m# userstest.feature:7&amp#27;[0m
    &amp#27;[33mWhen &amp#27;[0m&amp#27;[33mI click On Admin Tab&amp#27;[0m
    &amp#27;[33mThen &amp#27;[0m&amp#27;[33mI Verify System Users Text&amp#27;[0m
    &amp#27;[33mWhen &amp#27;[0m&amp#27;[33mI click On Add button&amp#27;[0m
    &amp#27;[33mThen &amp#27;[0m&amp#27;[33mI Verify Add User Text&amp#27;[0m
    &amp#27;[33mWhen &amp#27;[0m&amp#27;[33mI Select User Role Admin&amp#27;[0m
    &amp#27;[33mAnd &amp#27;[0m&amp#27;[33mI enter Employee Name Ananya Dash&amp#27;[0m
    &amp#27;[33mAnd &amp#27;[0m&amp#27;[33mI enter User name&amp#27;[0m
    &amp#27;[33mAnd &amp#27;[0m&amp#27;[33mI Select status Disable&amp#27;[0m
    &amp#27;[33mAnd &amp#27;[0m&amp#27;[33mI enter password&amp#27;[0m
    &amp#27;[33mAnd &amp#27;[0m&amp#27;[33mI enter Confirm Password&amp#27;[0m
    &amp#27;[33mAnd &amp#27;[0m&amp#27;[33mI click On Save Button&amp#27;[0m
    &amp#27;[33mThen &amp#27;[0m&amp#27;[33mI verify message Successfully Saved&amp#27;[0m

  Background:                                         &amp#27;[90m# userstest.feature:3&amp#27;[0m
    &amp#27;[33mGiven &amp#27;[0m&amp#27;[33mI am on HomePage & Login to the application&amp#27;[0m

  @smoke @regression
  Scenario: Admin should be able to search the user created and verify it. &amp#27;[90m# userstest.feature:22&amp#27;[0m
    &amp#27;[33mWhen &amp#27;[0m&amp#27;[33mI click On Admin Tab&amp#27;[0m
    &amp#27;[33mThen &amp#27;[0m&amp#27;[33mI Verify System Users Text&amp#27;[0m
    &amp#27;[33mWhen &amp#27;[0m&amp#27;[33mI Enter username&amp#27;[0m
    &amp#27;[33mAnd &amp#27;[0m&amp#27;[33mI Select user role&amp#27;[0m
    &amp#27;[33mAnd &amp#27;[0m&amp#27;[33mI select status&amp#27;[0m
    &amp#27;[33mAnd &amp#27;[0m&amp#27;[33mI click on search&amp#27;[0m
    &amp#27;[33mThen &amp#27;[0m&amp#27;[33mI should see the user in the list&amp#27;[0m

  Background:                                         &amp#27;[90m# userstest.feature:3&amp#27;[0m
    &amp#27;[33mGiven &amp#27;[0m&amp#27;[33mI am on HomePage & Login to the application&amp#27;[0m

  @regression
  Scenario: Admin should be able to delete the user record. &amp#27;[90m# userstest.feature:33&amp#27;[0m
    &amp#27;[33mWhen &amp#27;[0m&amp#27;[33mI click On Admin Tab&amp#27;[0m
    &amp#27;[33mThen &amp#27;[0m&amp#27;[33mI Verify System Users Text&amp#27;[0m
    &amp#27;[33mWhen &amp#27;[0m&amp#27;[33mI click On Add button&amp#27;[0m
    &amp#27;[33mThen &amp#27;[0m&amp#27;[33mI Verify Add User Text&amp#27;[0m
    &amp#27;[33mWhen &amp#27;[0m&amp#27;[33mI Select User Role Admin&amp#27;[0m
    &amp#27;[33mAnd &amp#27;[0m&amp#27;[33mI enter Employee Name Ananya Dash&amp#27;[0m
    &amp#27;[33mAnd &amp#27;[0m&amp#27;[33mI enter User name&amp#27;[0m
    &amp#27;[33mAnd &amp#27;[0m&amp#27;[33mI select status enable&amp#27;[0m
    &amp#27;[33mAnd &amp#27;[0m&amp#27;[33mI enter password&amp#27;[0m
    &amp#27;[33mAnd &amp#27;[0m&amp#27;[33mI enter Confirm Password&amp#27;[0m
    &amp#27;[33mAnd &amp#27;[0m&amp#27;[33mI click On Save Button&amp#27;[0m
    &amp#27;[33mAnd &amp#27;[0m&amp#27;[33mI search for user&amp#27;[0m
    &amp#27;[33mAnd &amp#27;[0m&amp#27;[33mI select user role&amp#27;[0m
    &amp#27;[33mAnd &amp#27;[0m&amp#27;[33mI select the status&amp#27;[0m
    &amp#27;[33mAnd &amp#27;[0m&amp#27;[33mI click on Search&amp#27;[0m
    &amp#27;[33mAnd &amp#27;[0m&amp#27;[33mI click on check box&amp#27;[0m
    &amp#27;[33mAnd &amp#27;[0m&amp#27;[33mI click delete&amp#27;[0m
    &amp#27;[33mAnd &amp#27;[0m&amp#27;[33mI click ok on pop up&amp#27;[0m
    &amp#27;[33mThen &amp#27;[0m&amp#27;[33mI should see message Successfully Deleted&amp#27;[0m

  Background:                                         &amp#27;[90m# userstest.feature:3&amp#27;[0m
    &amp#27;[33mGiven &amp#27;[0m&amp#27;[33mI am on HomePage & Login to the application&amp#27;[0m

  @regression
  Scenario: I want to search for deleted record to ensure it is not found. &amp#27;[90m# userstest.feature:55&amp#27;[0m
    &amp#27;[33mWhen &amp#27;[0m&amp#27;[33mI click On Admin Tab&amp#27;[0m
    &amp#27;[33mThen &amp#27;[0m&amp#27;[33mI Verify System Users Text&amp#27;[0m
    &amp#27;[33mWhen &amp#27;[0m&amp#27;[33mI search for user&amp#27;[0m
    &amp#27;[33mAnd &amp#27;[0m&amp#27;[33mI select user role&amp#27;[0m
    &amp#27;[33mAnd &amp#27;[0m&amp#27;[33mI select its status&amp#27;[0m
    &amp#27;[33mAnd &amp#27;[0m&amp#27;[33mI click search&amp#27;[0m
    &amp#27;[33mThen &amp#27;[0m&amp#27;[33mI see message No Record Found&amp#27;[0m
]]></system-out>
    <system-err><![CDATA[[TestNG] [ERROR] No test suite found. Nothing to run
[Fatal Error] :1:1: Premature end of file.
May 23, 2023 11:57:18 PM com.aventstack.extentreports.configuration.ConfigLoader getConfigurationHash
SEVERE: Config
org.xml.sax.SAXParseException; lineNumber: 1; columnNumber: 1; Premature end of file.
	at com.sun.org.apache.xerces.internal.parsers.DOMParser.parse(DOMParser.java:257)
	at com.sun.org.apache.xerces.internal.jaxp.DocumentBuilderImpl.parse(DocumentBuilderImpl.java:339)
	at javax.xml.parsers.DocumentBuilder.parse(DocumentBuilder.java:121)
	at com.aventstack.extentreports.configuration.ConfigLoader.getConfigurationHash(ConfigLoader.java:64)
	at com.aventstack.extentreports.reporter.AbstractReporter.loadXMLConfig(AbstractReporter.java:64)
	at com.aventstack.extentreports.reporter.AbstractReporter.loadXMLConfig(AbstractReporter.java:60)
	at com.cucumber.listener.Reporter.loadXMLConfig(Reporter.java:47)
	at orangehrm.live.runner.TestRegressionRunner.setUp(TestRegressionRunner.java:24)
	at sun.reflect.NativeMethodAccessorImpl.invoke0(Native Method)
	at sun.reflect.NativeMethodAccessorImpl.invoke(NativeMethodAccessorImpl.java:62)
	at sun.reflect.DelegatingMethodAccessorImpl.invoke(DelegatingMethodAccessorImpl.java:43)
	at java.lang.reflect.Method.invoke(Method.java:498)
	at org.junit.runners.model.FrameworkMethod$1.runReflectiveCall(FrameworkMethod.java:47)
	at org.junit.internal.runners.model.ReflectiveCallable.run(ReflectiveCallable.java:12)
	at org.junit.runners.model.FrameworkMethod.invokeExplosively(FrameworkMethod.java:44)
	at org.junit.internal.runners.statements.RunAfters.evaluate(RunAfters.java:33)
	at org.junit.runners.ParentRunner.run(ParentRunner.java:309)
	at cucumber.api.junit.Cucumber.run(Cucumber.java:100)
	at org.junit.runner.JUnitCore.run(JUnitCore.java:160)
	at org.junit.runner.JUnitCore.run(JUnitCore.java:138)
	at org.testng.junit.JUnit4TestRunner.start(JUnit4TestRunner.java:82)
	at org.testng.junit.JUnit4TestRunner.run(JUnit4TestRunner.java:70)
	at org.testng.TestRunner$1.run(TestRunner.java:570)
	at org.testng.TestRunner.runJUnitWorkers(TestRunner.java:717)
	at org.testng.TestRunner.privateRunJUnit(TestRunner.java:601)
	at org.testng.TestRunner.run(TestRunner.java:502)
	at org.testng.SuiteRunner.runTest(SuiteRunner.java:455)
	at org.testng.SuiteRunner.runSequentially(SuiteRunner.java:450)
	at org.testng.SuiteRunner.privateRun(SuiteRunner.java:415)
	at org.testng.SuiteRunner.run(SuiteRunner.java:364)
	at org.testng.SuiteRunnerWorker.runSuite(SuiteRunnerWorker.java:52)
	at org.testng.SuiteRunnerWorker.run(SuiteRunnerWorker.java:84)
	at org.testng.TestNG.runSuitesSequentially(TestNG.java:1208)
	at org.testng.TestNG.runSuitesLocally(TestNG.java:1137)
	at org.testng.TestNG.runSuites(TestNG.java:1049)
	at org.testng.TestNG.run(TestNG.java:1017)
	at org.apache.maven.surefire.testng.TestNGExecutor.run(TestNGExecutor.java:151)
	at org.apache.maven.surefire.testng.TestNGDirectoryTestSuite.executeMulti(TestNGDirectoryTestSuite.java:197)
	at org.apache.maven.surefire.testng.TestNGDirectoryTestSuite.execute(TestNGDirectoryTestSuite.java:93)
	at org.apache.maven.surefire.testng.TestNGProvider.invoke(TestNGProvider.java:155)
	at org.apache.maven.surefire.booter.ForkedBooter.runSuitesInProcess(ForkedBooter.java:456)
	at org.apache.maven.surefire.booter.ForkedBooter.execute(ForkedBooter.java:169)
	at org.apache.maven.surefire.booter.ForkedBooter.run(ForkedBooter.java:595)
	at org.apache.maven.surefire.booter.ForkedBooter.main(ForkedBooter.java:581)

]]></system-err>
  </testcase>
  <testcase name="null on orangehrm.live.runner.TestSanityRunner" classname="orangehrm.live.runner.TestSanityRunner" time="2.479">
    <failure type="java.lang.NullPointerException"><![CDATA[java.lang.NullPointerException
	at com.aventstack.extentreports.reporter.AbstractReporter.loadXMLConfig(AbstractReporter.java:65)
	at com.aventstack.extentreports.reporter.AbstractReporter.loadXMLConfig(AbstractReporter.java:60)
	at com.cucumber.listener.Reporter.loadXMLConfig(Reporter.java:47)
	at orangehrm.live.runner.TestSanityRunner.setUp(TestSanityRunner.java:22)
	at sun.reflect.NativeMethodAccessorImpl.invoke0(Native Method)
	at sun.reflect.NativeMethodAccessorImpl.invoke(NativeMethodAccessorImpl.java:62)
	at sun.reflect.DelegatingMethodAccessorImpl.invoke(DelegatingMethodAccessorImpl.java:43)
	at java.lang.reflect.Method.invoke(Method.java:498)
	at org.junit.runners.model.FrameworkMethod$1.runReflectiveCall(FrameworkMethod.java:47)
	at org.junit.internal.runners.model.ReflectiveCallable.run(ReflectiveCallable.java:12)
	at org.junit.runners.model.FrameworkMethod.invokeExplosively(FrameworkMethod.java:44)
	at org.junit.internal.runners.statements.RunAfters.evaluate(RunAfters.java:33)
	at org.junit.runners.ParentRunner.run(ParentRunner.java:309)
	at cucumber.api.junit.Cucumber.run(Cucumber.java:100)
	at org.junit.runner.JUnitCore.run(JUnitCore.java:160)
	at org.junit.runner.JUnitCore.run(JUnitCore.java:138)
	at org.testng.junit.JUnit4TestRunner.start(JUnit4TestRunner.java:82)
	at org.testng.junit.JUnit4TestRunner.run(JUnit4TestRunner.java:70)
	at org.testng.TestRunner$1.run(TestRunner.java:570)
	at org.testng.TestRunner.runJUnitWorkers(TestRunner.java:717)
	at org.testng.TestRunner.privateRunJUnit(TestRunner.java:601)
	at org.testng.TestRunner.run(TestRunner.java:502)
	at org.testng.SuiteRunner.runTest(SuiteRunner.java:455)
	at org.testng.SuiteRunner.runSequentially(SuiteRunner.java:450)
	at org.testng.SuiteRunner.privateRun(SuiteRunner.java:415)
	at org.testng.SuiteRunner.run(SuiteRunner.java:364)
	at org.testng.SuiteRunnerWorker.runSuite(SuiteRunnerWorker.java:52)
	at org.testng.SuiteRunnerWorker.run(SuiteRunnerWorker.java:84)
	at org.testng.TestNG.runSuitesSequentially(TestNG.java:1208)
	at org.testng.TestNG.runSuitesLocally(TestNG.java:1137)
	at org.testng.TestNG.runSuites(TestNG.java:1049)
	at org.testng.TestNG.run(TestNG.java:1017)
	at org.apache.maven.surefire.testng.TestNGExecutor.run(TestNGExecutor.java:151)
	at org.apache.maven.surefire.testng.TestNGDirectoryTestSuite.executeMulti(TestNGDirectoryTestSuite.java:197)
	at org.apache.maven.surefire.testng.TestNGDirectoryTestSuite.execute(TestNGDirectoryTestSuite.java:93)
	at org.apache.maven.surefire.testng.TestNGProvider.invoke(TestNGProvider.java:155)
	at org.apache.maven.surefire.booter.ForkedBooter.runSuitesInProcess(ForkedBooter.java:456)
	at org.apache.maven.surefire.booter.ForkedBooter.execute(ForkedBooter.java:169)
	at org.apache.maven.surefire.booter.ForkedBooter.run(ForkedBooter.java:595)
	at org.apache.maven.surefire.booter.ForkedBooter.main(ForkedBooter.java:581)
]]></failure>
    <system-out><![CDATA[
7 Scenarios (&amp#27;[33m7 undefined&amp#27;[0m)
57 Steps (&amp#27;[33m57 undefined&amp#27;[0m)
0m0.000s


You can implement missing steps with the snippets below:

@Given("^I am on HomePage & Login to the application$")
public void i_am_on_HomePage_Login_to_the_application() throws Throwable {
    // Write code here that turns the phrase above into concrete actions
    throw new PendingException();
}

@Then("^I see Welcome message$")
public void i_see_Welcome_message() throws Throwable {
    // Write code here that turns the phrase above into concrete actions
    throw new PendingException();
}

@Then("^I see the Orange HRM Logo$")
public void i_see_the_Orange_HRM_Logo() throws Throwable {
    // Write code here that turns the phrase above into concrete actions
    throw new PendingException();
}

@When("^I click on user profile logo$")
public void i_click_on_user_profile_logo() throws Throwable {
    // Write code here that turns the phrase above into concrete actions
    throw new PendingException();
}

@When("^I mouse hover and click on logout$")
public void i_mouse_hover_and_click_on_logout() throws Throwable {
    // Write code here that turns the phrase above into concrete actions
    throw new PendingException();
}

@Then("^I am logged out and see text Login Panel$")
public void i_am_logged_out_and_see_text_Login_Panel() throws Throwable {
    // Write code here that turns the phrase above into concrete actions
    throw new PendingException();
}

@When("^I click On Admin Tab$")
public void i_click_On_Admin_Tab() throws Throwable {
    // Write code here that turns the phrase above into concrete actions
    throw new PendingException();
}

@Then("^I Verify System Users Text$")
public void i_Verify_System_Users_Text() throws Throwable {
    // Write code here that turns the phrase above into concrete actions
    throw new PendingException();
}

@When("^I click On Add button$")
public void i_click_On_Add_button() throws Throwable {
    // Write code here that turns the phrase above into concrete actions
    throw new PendingException();
}

@Then("^I Verify Add User Text$")
public void i_Verify_Add_User_Text() throws Throwable {
    // Write code here that turns the phrase above into concrete actions
    throw new PendingException();
}

@When("^I Select User Role Admin$")
public void i_Select_User_Role_Admin() throws Throwable {
    // Write code here that turns the phrase above into concrete actions
    throw new PendingException();
}

@When("^I enter Employee Name Ananya Dash$")
public void i_enter_Employee_Name_Ananya_Dash() throws Throwable {
    // Write code here that turns the phrase above into concrete actions
    throw new PendingException();
}

@When("^I enter User name$")
public void i_enter_User_name() throws Throwable {
    // Write code here that turns the phrase above into concrete actions
    throw new PendingException();
}

@When("^I Select status Disable$")
public void i_Select_status_Disable() throws Throwable {
    // Write code here that turns the phrase above into concrete actions
    throw new PendingException();
}

@When("^I enter password$")
public void i_enter_password() throws Throwable {
    // Write code here that turns the phrase above into concrete actions
    throw new PendingException();
}

@When("^I enter Confirm Password$")
public void i_enter_Confirm_Password() throws Throwable {
    // Write code here that turns the phrase above into concrete actions
    throw new PendingException();
}

@When("^I click On Save Button$")
public void i_click_On_Save_Button() throws Throwable {
    // Write code here that turns the phrase above into concrete actions
    throw new PendingException();
}

@Then("^I verify message Successfully Saved$")
public void i_verify_message_Successfully_Saved() throws Throwable {
    // Write code here that turns the phrase above into concrete actions
    throw new PendingException();
}

@When("^I Enter username$")
public void i_Enter_username() throws Throwable {
    // Write code here that turns the phrase above into concrete actions
    throw new PendingException();
}

@When("^I Select user role$")
public void i_Select_user_role() throws Throwable {
    // Write code here that turns the phrase above into concrete actions
    throw new PendingException();
}

@When("^I select status$")
public void i_select_status() throws Throwable {
    // Write code here that turns the phrase above into concrete actions
    throw new PendingException();
}

@When("^I click on search$")
public void i_click_on_search() throws Throwable {
    // Write code here that turns the phrase above into concrete actions
    throw new PendingException();
}

@Then("^I should see the user in the list$")
public void i_should_see_the_user_in_the_list() throws Throwable {
    // Write code here that turns the phrase above into concrete actions
    throw new PendingException();
}

@When("^I select status enable$")
public void i_select_status_enable() throws Throwable {
    // Write code here that turns the phrase above into concrete actions
    throw new PendingException();
}

@When("^I search for user$")
public void i_search_for_user() throws Throwable {
    // Write code here that turns the phrase above into concrete actions
    throw new PendingException();
}

@When("^I select user role$")
public void i_select_user_role() throws Throwable {
    // Write code here that turns the phrase above into concrete actions
    throw new PendingException();
}

@When("^I select the status$")
public void i_select_the_status() throws Throwable {
    // Write code here that turns the phrase above into concrete actions
    throw new PendingException();
}

@When("^I click on Search$")
public void i_click_on_Search() throws Throwable {
    // Write code here that turns the phrase above into concrete actions
    throw new PendingException();
}

@When("^I click on check box$")
public void i_click_on_check_box() throws Throwable {
    // Write code here that turns the phrase above into concrete actions
    throw new PendingException();
}

@When("^I click delete$")
public void i_click_delete() throws Throwable {
    // Write code here that turns the phrase above into concrete actions
    throw new PendingException();
}

@When("^I click ok on pop up$")
public void i_click_ok_on_pop_up() throws Throwable {
    // Write code here that turns the phrase above into concrete actions
    throw new PendingException();
}

@Then("^I should see message Successfully Deleted$")
public void i_should_see_message_Successfully_Deleted() throws Throwable {
    // Write code here that turns the phrase above into concrete actions
    throw new PendingException();
}

@When("^I select its status$")
public void i_select_its_status() throws Throwable {
    // Write code here that turns the phrase above into concrete actions
    throw new PendingException();
}

@When("^I click search$")
public void i_click_search() throws Throwable {
    // Write code here that turns the phrase above into concrete actions
    throw new PendingException();
}

@Then("^I see message No Record Found$")
public void i_see_message_No_Record_Found() throws Throwable {
    // Write code here that turns the phrase above into concrete actions
    throw new PendingException();
}

Feature: As a user I want to verify different login functions.

  Background:                                         &amp#27;[90m# logintest.feature:3&amp#27;[0m
    &amp#27;[33mGiven &amp#27;[0m&amp#27;[33mI am on HomePage & Login to the application&amp#27;[0m

  @sanity @regression
  Scenario: I should login successfully &amp#27;[90m# logintest.feature:7&amp#27;[0m
    &amp#27;[33mThen &amp#27;[0m&amp#27;[33mI see Welcome message&amp#27;[0m
Feature: As a user I want to verify admin can execute different actions on users.

  Background:                                         &amp#27;[90m# userstest.feature:3&amp#27;[0m
    &amp#27;[33mGiven &amp#27;[0m&amp#27;[33mI am on HomePage & Login to the application&amp#27;[0m

  @sanity @regression
  Scenario: Admin should be able to add users &amp#27;[90m# userstest.feature:7&amp#27;[0m
    &amp#27;[33mWhen &amp#27;[0m&amp#27;[33mI click On Admin Tab&amp#27;[0m
    &amp#27;[33mThen &amp#27;[0m&amp#27;[33mI Verify System Users Text&amp#27;[0m
    &amp#27;[33mWhen &amp#27;[0m&amp#27;[33mI click On Add button&amp#27;[0m
    &amp#27;[33mThen &amp#27;[0m&amp#27;[33mI Verify Add User Text&amp#27;[0m
    &amp#27;[33mWhen &amp#27;[0m&amp#27;[33mI Select User Role Admin&amp#27;[0m
    &amp#27;[33mAnd &amp#27;[0m&amp#27;[33mI enter Employee Name Ananya Dash&amp#27;[0m
    &amp#27;[33mAnd &amp#27;[0m&amp#27;[33mI enter User name&amp#27;[0m
    &amp#27;[33mAnd &amp#27;[0m&amp#27;[33mI Select status Disable&amp#27;[0m
    &amp#27;[33mAnd &amp#27;[0m&amp#27;[33mI enter password&amp#27;[0m
    &amp#27;[33mAnd &amp#27;[0m&amp#27;[33mI enter Confirm Password&amp#27;[0m
    &amp#27;[33mAnd &amp#27;[0m&amp#27;[33mI click On Save Button&amp#27;[0m
    &amp#27;[33mThen &amp#27;[0m&amp#27;[33mI verify message Successfully Saved&amp#27;[0m
]]></system-out>
    <system-err><![CDATA[log4j:WARN No appenders could be found for logger (freemarker.cache).
log4j:WARN Please initialize the log4j system properly.
log4j:WARN See http://logging.apache.org/log4j/1.2/faq.html#noconfig for more info.
[Fatal Error] :1:1: Premature end of file.
May 23, 2023 11:57:19 PM com.aventstack.extentreports.configuration.ConfigLoader getConfigurationHash
SEVERE: Config
org.xml.sax.SAXParseException; lineNumber: 1; columnNumber: 1; Premature end of file.
	at com.sun.org.apache.xerces.internal.parsers.DOMParser.parse(DOMParser.java:257)
	at com.sun.org.apache.xerces.internal.jaxp.DocumentBuilderImpl.parse(DocumentBuilderImpl.java:339)
	at javax.xml.parsers.DocumentBuilder.parse(DocumentBuilder.java:121)
	at com.aventstack.extentreports.configuration.ConfigLoader.getConfigurationHash(ConfigLoader.java:64)
	at com.aventstack.extentreports.reporter.AbstractReporter.loadXMLConfig(AbstractReporter.java:64)
	at com.aventstack.extentreports.reporter.AbstractReporter.loadXMLConfig(AbstractReporter.java:60)
	at com.cucumber.listener.Reporter.loadXMLConfig(Reporter.java:47)
	at orangehrm.live.runner.TestSanityRunner.setUp(TestSanityRunner.java:22)
	at sun.reflect.NativeMethodAccessorImpl.invoke0(Native Method)
	at sun.reflect.NativeMethodAccessorImpl.invoke(NativeMethodAccessorImpl.java:62)
	at sun.reflect.DelegatingMethodAccessorImpl.invoke(DelegatingMethodAccessorImpl.java:43)
	at java.lang.reflect.Method.invoke(Method.java:498)
	at org.junit.runners.model.FrameworkMethod$1.runReflectiveCall(FrameworkMethod.java:47)
	at org.junit.internal.runners.model.ReflectiveCallable.run(ReflectiveCallable.java:12)
	at org.junit.runners.model.FrameworkMethod.invokeExplosively(FrameworkMethod.java:44)
	at org.junit.internal.runners.statements.RunAfters.evaluate(RunAfters.java:33)
	at org.junit.runners.ParentRunner.run(ParentRunner.java:309)
	at cucumber.api.junit.Cucumber.run(Cucumber.java:100)
	at org.junit.runner.JUnitCore.run(JUnitCore.java:160)
	at org.junit.runner.JUnitCore.run(JUnitCore.java:138)
	at org.testng.junit.JUnit4TestRunner.start(JUnit4TestRunner.java:82)
	at org.testng.junit.JUnit4TestRunner.run(JUnit4TestRunner.java:70)
	at org.testng.TestRunner$1.run(TestRunner.java:570)
	at org.testng.TestRunner.runJUnitWorkers(TestRunner.java:717)
	at org.testng.TestRunner.privateRunJUnit(TestRunner.java:601)
	at org.testng.TestRunner.run(TestRunner.java:502)
	at org.testng.SuiteRunner.runTest(SuiteRunner.java:455)
	at org.testng.SuiteRunner.runSequentially(SuiteRunner.java:450)
	at org.testng.SuiteRunner.privateRun(SuiteRunner.java:415)
	at org.testng.SuiteRunner.run(SuiteRunner.java:364)
	at org.testng.SuiteRunnerWorker.runSuite(SuiteRunnerWorker.java:52)
	at org.testng.SuiteRunnerWorker.run(SuiteRunnerWorker.java:84)
	at org.testng.TestNG.runSuitesSequentially(TestNG.java:1208)
	at org.testng.TestNG.runSuitesLocally(TestNG.java:1137)
	at org.testng.TestNG.runSuites(TestNG.java:1049)
	at org.testng.TestNG.run(TestNG.java:1017)
	at org.apache.maven.surefire.testng.TestNGExecutor.run(TestNGExecutor.java:151)
	at org.apache.maven.surefire.testng.TestNGDirectoryTestSuite.executeMulti(TestNGDirectoryTestSuite.java:197)
	at org.apache.maven.surefire.testng.TestNGDirectoryTestSuite.execute(TestNGDirectoryTestSuite.java:93)
	at org.apache.maven.surefire.testng.TestNGProvider.invoke(TestNGProvider.java:155)
	at org.apache.maven.surefire.booter.ForkedBooter.runSuitesInProcess(ForkedBooter.java:456)
	at org.apache.maven.surefire.booter.ForkedBooter.execute(ForkedBooter.java:169)
	at org.apache.maven.surefire.booter.ForkedBooter.run(ForkedBooter.java:595)
	at org.apache.maven.surefire.booter.ForkedBooter.main(ForkedBooter.java:581)

]]></system-err>
  </testcase>
  <testcase name="null on orangehrm.live.runner.TestSmokeRunner" classname="orangehrm.live.runner.TestSmokeRunner" time="2.645">
    <failure type="java.lang.NullPointerException"><![CDATA[java.lang.NullPointerException
	at com.aventstack.extentreports.reporter.AbstractReporter.loadXMLConfig(AbstractReporter.java:65)
	at com.aventstack.extentreports.reporter.AbstractReporter.loadXMLConfig(AbstractReporter.java:60)
	at com.cucumber.listener.Reporter.loadXMLConfig(Reporter.java:47)
	at orangehrm.live.runner.TestSmokeRunner.setUp(TestSmokeRunner.java:23)
	at sun.reflect.NativeMethodAccessorImpl.invoke0(Native Method)
	at sun.reflect.NativeMethodAccessorImpl.invoke(NativeMethodAccessorImpl.java:62)
	at sun.reflect.DelegatingMethodAccessorImpl.invoke(DelegatingMethodAccessorImpl.java:43)
	at java.lang.reflect.Method.invoke(Method.java:498)
	at org.junit.runners.model.FrameworkMethod$1.runReflectiveCall(FrameworkMethod.java:47)
	at org.junit.internal.runners.model.ReflectiveCallable.run(ReflectiveCallable.java:12)
	at org.junit.runners.model.FrameworkMethod.invokeExplosively(FrameworkMethod.java:44)
	at org.junit.internal.runners.statements.RunAfters.evaluate(RunAfters.java:33)
	at org.junit.runners.ParentRunner.run(ParentRunner.java:309)
	at cucumber.api.junit.Cucumber.run(Cucumber.java:100)
	at org.junit.runner.JUnitCore.run(JUnitCore.java:160)
	at org.junit.runner.JUnitCore.run(JUnitCore.java:138)
	at org.testng.junit.JUnit4TestRunner.start(JUnit4TestRunner.java:82)
	at org.testng.junit.JUnit4TestRunner.run(JUnit4TestRunner.java:70)
	at org.testng.TestRunner$1.run(TestRunner.java:570)
	at org.testng.TestRunner.runJUnitWorkers(TestRunner.java:717)
	at org.testng.TestRunner.privateRunJUnit(TestRunner.java:601)
	at org.testng.TestRunner.run(TestRunner.java:502)
	at org.testng.SuiteRunner.runTest(SuiteRunner.java:455)
	at org.testng.SuiteRunner.runSequentially(SuiteRunner.java:450)
	at org.testng.SuiteRunner.privateRun(SuiteRunner.java:415)
	at org.testng.SuiteRunner.run(SuiteRunner.java:364)
	at org.testng.SuiteRunnerWorker.runSuite(SuiteRunnerWorker.java:52)
	at org.testng.SuiteRunnerWorker.run(SuiteRunnerWorker.java:84)
	at org.testng.TestNG.runSuitesSequentially(TestNG.java:1208)
	at org.testng.TestNG.runSuitesLocally(TestNG.java:1137)
	at org.testng.TestNG.runSuites(TestNG.java:1049)
	at org.testng.TestNG.run(TestNG.java:1017)
	at org.apache.maven.surefire.testng.TestNGExecutor.run(TestNGExecutor.java:151)
	at org.apache.maven.surefire.testng.TestNGDirectoryTestSuite.executeMulti(TestNGDirectoryTestSuite.java:197)
	at org.apache.maven.surefire.testng.TestNGDirectoryTestSuite.execute(TestNGDirectoryTestSuite.java:93)
	at org.apache.maven.surefire.testng.TestNGProvider.invoke(TestNGProvider.java:155)
	at org.apache.maven.surefire.booter.ForkedBooter.runSuitesInProcess(ForkedBooter.java:456)
	at org.apache.maven.surefire.booter.ForkedBooter.execute(ForkedBooter.java:169)
	at org.apache.maven.surefire.booter.ForkedBooter.run(ForkedBooter.java:595)
	at org.apache.maven.surefire.booter.ForkedBooter.main(ForkedBooter.java:581)
]]></failure>
    <system-out><![CDATA[
2 Scenarios (&amp#27;[33m2 undefined&amp#27;[0m)
15 Steps (&amp#27;[33m15 undefined&amp#27;[0m)
0m0.000s


You can implement missing steps with the snippets below:

@Given("^I am on HomePage & Login to the application$")
public void i_am_on_HomePage_Login_to_the_application() throws Throwable {
    // Write code here that turns the phrase above into concrete actions
    throw new PendingException();
}

@Then("^I see Welcome message$")
public void i_see_Welcome_message() throws Throwable {
    // Write code here that turns the phrase above into concrete actions
    throw new PendingException();
}

@When("^I click On Admin Tab$")
public void i_click_On_Admin_Tab() throws Throwable {
    // Write code here that turns the phrase above into concrete actions
    throw new PendingException();
}

@Then("^I Verify System Users Text$")
public void i_Verify_System_Users_Text() throws Throwable {
    // Write code here that turns the phrase above into concrete actions
    throw new PendingException();
}

@When("^I click On Add button$")
public void i_click_On_Add_button() throws Throwable {
    // Write code here that turns the phrase above into concrete actions
    throw new PendingException();
}

@Then("^I Verify Add User Text$")
public void i_Verify_Add_User_Text() throws Throwable {
    // Write code here that turns the phrase above into concrete actions
    throw new PendingException();
}

@When("^I Select User Role Admin$")
public void i_Select_User_Role_Admin() throws Throwable {
    // Write code here that turns the phrase above into concrete actions
    throw new PendingException();
}

@When("^I enter Employee Name Ananya Dash$")
public void i_enter_Employee_Name_Ananya_Dash() throws Throwable {
    // Write code here that turns the phrase above into concrete actions
    throw new PendingException();
}

@When("^I enter User name$")
public void i_enter_User_name() throws Throwable {
    // Write code here that turns the phrase above into concrete actions
    throw new PendingException();
}

@When("^I Select status Disable$")
public void i_Select_status_Disable() throws Throwable {
    // Write code here that turns the phrase above into concrete actions
    throw new PendingException();
}

@When("^I enter password$")
public void i_enter_password() throws Throwable {
    // Write code here that turns the phrase above into concrete actions
    throw new PendingException();
}

@When("^I enter Confirm Password$")
public void i_enter_Confirm_Password() throws Throwable {
    // Write code here that turns the phrase above into concrete actions
    throw new PendingException();
}

@When("^I click On Save Button$")
public void i_click_On_Save_Button() throws Throwable {
    // Write code here that turns the phrase above into concrete actions
    throw new PendingException();
}

@Then("^I verify message Successfully Saved$")
public void i_verify_message_Successfully_Saved() throws Throwable {
    // Write code here that turns the phrase above into concrete actions
    throw new PendingException();
}

Feature: As a user I want to verify different login functions.

  Background:                                         &amp#27;[90m# logintest.feature:3&amp#27;[0m
    &amp#27;[33mGiven &amp#27;[0m&amp#27;[33mI am on HomePage & Login to the application&amp#27;[0m

  @smoke @regression
  Scenario: I should see Logo      &amp#27;[90m# logintest.feature:11&amp#27;[0m
    &amp#27;[33mThen &amp#27;[0m&amp#27;[33mI see the Orange HRM Logo&amp#27;[0m
Feature: As a user I want to verify admin can execute different actions on users.

  Background:                                         &amp#27;[90m# userstest.feature:3&amp#27;[0m
    &amp#27;[33mGiven &amp#27;[0m&amp#27;[33mI am on HomePage & Login to the application&amp#27;[0m

  @smoke @regression
  Scenario: Admin should be able to search the user created and verify it. &amp#27;[90m# userstest.feature:22&amp#27;[0m
    &amp#27;[33mWhen &amp#27;[0m&amp#27;[33mI click On Admin Tab&amp#27;[0m
    &amp#27;[33mThen &amp#27;[0m&amp#27;[33mI Verify System Users Text&amp#27;[0m
    &amp#27;[33mWhen &amp#27;[0m&amp#27;[33mI Enter username&amp#27;[0m
    &amp#27;[33mAnd &amp#27;[0m&amp#27;[33mI Select user role&amp#27;[0m
    &amp#27;[33mAnd &amp#27;[0m&amp#27;[33mI select status&amp#27;[0m
    &amp#27;[33mAnd &amp#27;[0m&amp#27;[33mI click on search&amp#27;[0m
    &amp#27;[33mThen &amp#27;[0m&amp#27;[33mI should see the user in the list&amp#27;[0m
]]></system-out>
    <system-err><![CDATA[[Fatal Error] :1:1: Premature end of file.
May 23, 2023 11:57:19 PM com.aventstack.extentreports.configuration.ConfigLoader getConfigurationHash
SEVERE: Config
org.xml.sax.SAXParseException; lineNumber: 1; columnNumber: 1; Premature end of file.
	at com.sun.org.apache.xerces.internal.parsers.DOMParser.parse(DOMParser.java:257)
	at com.sun.org.apache.xerces.internal.jaxp.DocumentBuilderImpl.parse(DocumentBuilderImpl.java:339)
	at javax.xml.parsers.DocumentBuilder.parse(DocumentBuilder.java:121)
	at com.aventstack.extentreports.configuration.ConfigLoader.getConfigurationHash(ConfigLoader.java:64)
	at com.aventstack.extentreports.reporter.AbstractReporter.loadXMLConfig(AbstractReporter.java:64)
	at com.aventstack.extentreports.reporter.AbstractReporter.loadXMLConfig(AbstractReporter.java:60)
	at com.cucumber.listener.Reporter.loadXMLConfig(Reporter.java:47)
	at orangehrm.live.runner.TestSmokeRunner.setUp(TestSmokeRunner.java:23)
	at sun.reflect.NativeMethodAccessorImpl.invoke0(Native Method)
	at sun.reflect.NativeMethodAccessorImpl.invoke(NativeMethodAccessorImpl.java:62)
	at sun.reflect.DelegatingMethodAccessorImpl.invoke(DelegatingMethodAccessorImpl.java:43)
	at java.lang.reflect.Method.invoke(Method.java:498)
	at org.junit.runners.model.FrameworkMethod$1.runReflectiveCall(FrameworkMethod.java:47)
	at org.junit.internal.runners.model.ReflectiveCallable.run(ReflectiveCallable.java:12)
	at org.junit.runners.model.FrameworkMethod.invokeExplosively(FrameworkMethod.java:44)
	at org.junit.internal.runners.statements.RunAfters.evaluate(RunAfters.java:33)
	at org.junit.runners.ParentRunner.run(ParentRunner.java:309)
	at cucumber.api.junit.Cucumber.run(Cucumber.java:100)
	at org.junit.runner.JUnitCore.run(JUnitCore.java:160)
	at org.junit.runner.JUnitCore.run(JUnitCore.java:138)
	at org.testng.junit.JUnit4TestRunner.start(JUnit4TestRunner.java:82)
	at org.testng.junit.JUnit4TestRunner.run(JUnit4TestRunner.java:70)
	at org.testng.TestRunner$1.run(TestRunner.java:570)
	at org.testng.TestRunner.runJUnitWorkers(TestRunner.java:717)
	at org.testng.TestRunner.privateRunJUnit(TestRunner.java:601)
	at org.testng.TestRunner.run(TestRunner.java:502)
	at org.testng.SuiteRunner.runTest(SuiteRunner.java:455)
	at org.testng.SuiteRunner.runSequentially(SuiteRunner.java:450)
	at org.testng.SuiteRunner.privateRun(SuiteRunner.java:415)
	at org.testng.SuiteRunner.run(SuiteRunner.java:364)
	at org.testng.SuiteRunnerWorker.runSuite(SuiteRunnerWorker.java:52)
	at org.testng.SuiteRunnerWorker.run(SuiteRunnerWorker.java:84)
	at org.testng.TestNG.runSuitesSequentially(TestNG.java:1208)
	at org.testng.TestNG.runSuitesLocally(TestNG.java:1137)
	at org.testng.TestNG.runSuites(TestNG.java:1049)
	at org.testng.TestNG.run(TestNG.java:1017)
	at org.apache.maven.surefire.testng.TestNGExecutor.run(TestNGExecutor.java:151)
	at org.apache.maven.surefire.testng.TestNGDirectoryTestSuite.executeMulti(TestNGDirectoryTestSuite.java:197)
	at org.apache.maven.surefire.testng.TestNGDirectoryTestSuite.execute(TestNGDirectoryTestSuite.java:93)
	at org.apache.maven.surefire.testng.TestNGProvider.invoke(TestNGProvider.java:155)
	at org.apache.maven.surefire.booter.ForkedBooter.runSuitesInProcess(ForkedBooter.java:456)
	at org.apache.maven.surefire.booter.ForkedBooter.execute(ForkedBooter.java:169)
	at org.apache.maven.surefire.booter.ForkedBooter.run(ForkedBooter.java:595)
	at org.apache.maven.surefire.booter.ForkedBooter.main(ForkedBooter.java:581)

]]></system-err>
  </testcase>
</testsuite>